ClapTFM/Library/Bee/Android/Prj/Mono2x/Gradle/launcher/build/intermediates/manifest_merge_blame_file/release/manifest-merger-blame-release-report.txt
1<?xml version="1.0" encoding="utf-8"?>
2<manifest xmlns:android="http://schemas.android.com/apk/res/android"
3    package="com.DefaultCompany.ClapTFM"
4    android:installLocation="auto"
5    android:versionCode="1"
6    android:versionName="0.1" >
7
8    <uses-sdk
9        android:minSdkVersion="23"
9-->src\main\AndroidManifest.xml
10        android:targetSdkVersion="30" />
10-->src\main\AndroidManifest.xml
11
12    <supports-screens
12-->src\main\AndroidManifest.xml:3:3-163
13        android:anyDensity="true"
13-->src\main\AndroidManifest.xml:3:135-160
14        android:largeScreens="true"
14-->src\main\AndroidManifest.xml:3:78-105
15        android:normalScreens="true"
15-->src\main\AndroidManifest.xml:3:49-77
16        android:smallScreens="true"
16-->src\main\AndroidManifest.xml:3:21-48
17        android:xlargeScreens="true" />
17-->src\main\AndroidManifest.xml:3:106-134
18
19    <uses-feature android:glEsVersion="0x00030000" />
19-->[:unityLibrary] AndroidManifest.xml:13:5-54
19-->[:unityLibrary] AndroidManifest.xml:13:19-51
20    <uses-feature
20-->[:unityLibrary] AndroidManifest.xml:14:5-16:36
21        android:name="android.hardware.vulkan.version"
21-->[:unityLibrary] AndroidManifest.xml:15:9-55
22        android:required="false" />
22-->[:unityLibrary] AndroidManifest.xml:16:9-33
23
24    <uses-permission android:name="android.permission.INTERNET" />
24-->[:unityLibrary] AndroidManifest.xml:18:5-67
24-->[:unityLibrary] AndroidManifest.xml:18:22-64
25    <uses-permission android:name="android.permission.ACCESS_NETWORK_STATE" />
25-->[:unityLibrary] AndroidManifest.xml:19:5-79
25-->[:unityLibrary] AndroidManifest.xml:19:22-76
26    <uses-permission android:name="android.permission.RECORD_AUDIO" />
26-->[:unityLibrary] AndroidManifest.xml:20:5-71
26-->[:unityLibrary] AndroidManifest.xml:20:22-68
27    <uses-permission android:name="android.permission.MODIFY_AUDIO_SETTINGS" />
27-->[:unityLibrary] AndroidManifest.xml:21:5-80
27-->[:unityLibrary] AndroidManifest.xml:21:22-77
28
29    <uses-feature
29-->[:unityLibrary] AndroidManifest.xml:23:5-25:36
30        android:name="android.hardware.microphone"
30-->[:unityLibrary] AndroidManifest.xml:24:9-51
31        android:required="false" />
31-->[:unityLibrary] AndroidManifest.xml:25:9-33
32    <uses-feature
32-->[:unityLibrary] AndroidManifest.xml:26:5-28:36
33        android:name="android.hardware.touchscreen"
33-->[:unityLibrary] AndroidManifest.xml:27:9-52
34        android:required="false" />
34-->[:unityLibrary] AndroidManifest.xml:28:9-33
35    <uses-feature
35-->[:unityLibrary] AndroidManifest.xml:29:5-31:36
36        android:name="android.hardware.touchscreen.multitouch"
36-->[:unityLibrary] AndroidManifest.xml:30:9-63
37        android:required="false" />
37-->[:unityLibrary] AndroidManifest.xml:31:9-33
38    <uses-feature
38-->[:unityLibrary] AndroidManifest.xml:32:5-34:36
39        android:name="android.hardware.touchscreen.multitouch.distinct"
39-->[:unityLibrary] AndroidManifest.xml:33:9-72
40        android:required="false" />
40-->[:unityLibrary] AndroidManifest.xml:34:9-33
41    <uses-feature
41-->[:unityLibrary] AndroidManifest.xml:35:5-38:31
42        android:name="android.hardware.vr.headtracking"
42-->[:unityLibrary] AndroidManifest.xml:36:9-56
43        android:required="true"
43-->[:unityLibrary] AndroidManifest.xml:37:9-32
44        android:version="1" />
44-->[:unityLibrary] AndroidManifest.xml:38:9-28
45    <uses-feature
45-->[:unityLibrary] AndroidManifest.xml:39:5-41:35
46        android:name="oculus.software.handtracking"
46-->[:unityLibrary] AndroidManifest.xml:40:9-52
47        android:required="true" />
47-->[:unityLibrary] AndroidManifest.xml:41:9-32
48
49    <uses-permission android:name="com.oculus.permission.HAND_TRACKING" />
49-->[:unityLibrary] AndroidManifest.xml:43:5-75
49-->[:unityLibrary] AndroidManifest.xml:43:22-72
50
51    <uses-feature
51-->[:unityLibrary] AndroidManifest.xml:45:5-47:36
52        android:name="oculus.software.overlay_keyboard"
52-->[:unityLibrary] AndroidManifest.xml:46:9-56
53        android:required="false" />
53-->[:unityLibrary] AndroidManifest.xml:47:9-33
54
55    <application
55-->src\main\AndroidManifest.xml:4:3-83
56        android:allowBackup="false"
56-->[:unityLibrary] AndroidManifest.xml:50:9-36
57        android:extractNativeLibs="true"
57-->[:unityLibrary] AndroidManifest.xml:51:9-41
58        android:icon="@mipmap/app_icon"
58-->src\main\AndroidManifest.xml:4:49-80
59        android:label="@string/app_name"
59-->src\main\AndroidManifest.xml:4:16-48
60        android:networkSecurityConfig="@xml/network_sec_config" >
60-->[:unityLibrary] AndroidManifest.xml:54:9-64
61        <activity
61-->[:unityLibrary] AndroidManifest.xml:55:9-79:20
62            android:name="com.unity3d.player.UnityPlayerActivity"
62-->[:unityLibrary] AndroidManifest.xml:56:13-66
63            android:configChanges="keyboard|keyboardHidden|navigation|orientation|screenLayout|screenSize|uiMode"
63-->[:unityLibrary] AndroidManifest.xml:57:13-114
64            android:hardwareAccelerated="false"
64-->[:unityLibrary] AndroidManifest.xml:58:13-48
65            android:launchMode="singleTask"
65-->[:unityLibrary] AndroidManifest.xml:59:13-44
66            android:resizeableActivity="false"
66-->[:unityLibrary] AndroidManifest.xml:60:13-47
67            android:screenOrientation="landscape"
67-->[:unityLibrary] AndroidManifest.xml:61:13-50
68            android:theme="@android:style/Theme.Black.NoTitleBar.Fullscreen" >
68-->[:unityLibrary] AndroidManifest.xml:62:13-77
69            <intent-filter>
69-->[:unityLibrary] AndroidManifest.xml:63:13-68:29
70                <action android:name="android.intent.action.MAIN" />
70-->[:unityLibrary] AndroidManifest.xml:64:17-69
70-->[:unityLibrary] AndroidManifest.xml:64:25-66
71
72                <category android:name="android.intent.category.LAUNCHER" />
72-->[:unityLibrary] AndroidManifest.xml:66:17-77
72-->[:unityLibrary] AndroidManifest.xml:66:27-74
73                <category android:name="com.oculus.intent.category.VR" />
73-->[:unityLibrary] AndroidManifest.xml:67:17-74
73-->[:unityLibrary] AndroidManifest.xml:67:27-71
74            </intent-filter>
75
76            <meta-data
76-->[:unityLibrary] AndroidManifest.xml:70:13-72:40
77                android:name="unityplayer.UnityActivity"
77-->[:unityLibrary] AndroidManifest.xml:71:17-57
78                android:value="true" />
78-->[:unityLibrary] AndroidManifest.xml:72:17-37
79            <meta-data
79-->[:unityLibrary] AndroidManifest.xml:73:13-75:40
80                android:name="android.notch_support"
80-->[:unityLibrary] AndroidManifest.xml:74:17-53
81                android:value="true" />
81-->[:unityLibrary] AndroidManifest.xml:75:17-37
82            <meta-data
82-->[:unityLibrary] AndroidManifest.xml:76:13-78:40
83                android:name="com.oculus.vr.focusaware"
83-->[:unityLibrary] AndroidManifest.xml:77:17-56
84                android:value="true" />
84-->[:unityLibrary] AndroidManifest.xml:78:17-37
85        </activity>
86
87        <meta-data
87-->[:unityLibrary] AndroidManifest.xml:81:9-83:33
88            android:name="unity.splash-mode"
88-->[:unityLibrary] AndroidManifest.xml:82:13-45
89            android:value="0" />
89-->[:unityLibrary] AndroidManifest.xml:83:13-30
90        <meta-data
90-->[:unityLibrary] AndroidManifest.xml:84:9-86:36
91            android:name="unity.splash-enable"
91-->[:unityLibrary] AndroidManifest.xml:85:13-47
92            android:value="True" />
92-->[:unityLibrary] AndroidManifest.xml:86:13-33
93        <meta-data
93-->[:unityLibrary] AndroidManifest.xml:87:9-89:36
94            android:name="unity.launch-fullscreen"
94-->[:unityLibrary] AndroidManifest.xml:88:13-51
95            android:value="True" />
95-->[:unityLibrary] AndroidManifest.xml:89:13-33
96        <meta-data
96-->[:unityLibrary] AndroidManifest.xml:90:9-92:37
97            android:name="unity.allow-resizable-window"
97-->[:unityLibrary] AndroidManifest.xml:91:13-56
98            android:value="False" />
98-->[:unityLibrary] AndroidManifest.xml:92:13-34
99        <meta-data
99-->[:unityLibrary] AndroidManifest.xml:93:9-95:50
100            android:name="notch.config"
100-->[:unityLibrary] AndroidManifest.xml:94:13-40
101            android:value="portrait|landscape" />
101-->[:unityLibrary] AndroidManifest.xml:95:13-47
102        <meta-data
102-->[:unityLibrary] AndroidManifest.xml:96:9-98:35
103            android:name="com.oculus.handtracking.frequency"
103-->[:unityLibrary] AndroidManifest.xml:97:13-61
104            android:value="LOW" />
104-->[:unityLibrary] AndroidManifest.xml:98:13-32
105        <meta-data
105-->[:unityLibrary] AndroidManifest.xml:99:9-101:39
106            android:name="com.samsung.android.vr.application.mode"
106-->[:unityLibrary] AndroidManifest.xml:100:13-67
107            android:value="vr_only" />
107-->[:unityLibrary] AndroidManifest.xml:101:13-36
108        <meta-data
108-->[:unityLibrary] AndroidManifest.xml:102:9-104:37
109            android:name="com.unity.xr.oculus.LowOverheadMode"
109-->[:unityLibrary] AndroidManifest.xml:103:13-63
110            android:value="false" />
110-->[:unityLibrary] AndroidManifest.xml:104:13-34
111        <meta-data
111-->[:unityLibrary] AndroidManifest.xml:105:9-107:37
112            android:name="com.unity.xr.oculus.LateLatching"
112-->[:unityLibrary] AndroidManifest.xml:106:13-60
113            android:value="false" />
113-->[:unityLibrary] AndroidManifest.xml:107:13-34
114        <meta-data
114-->[:unityLibrary] AndroidManifest.xml:108:9-110:37
115            android:name="com.unity.xr.oculus.LateLatchingDebug"
115-->[:unityLibrary] AndroidManifest.xml:109:13-65
116            android:value="false" />
116-->[:unityLibrary] AndroidManifest.xml:110:13-34
117        <meta-data
117-->[:unityLibrary] AndroidManifest.xml:111:9-113:44
118            android:name="com.oculus.supportedDevices"
118-->[:unityLibrary] AndroidManifest.xml:112:13-55
119            android:value="quest|quest2" />
119-->[:unityLibrary] AndroidManifest.xml:113:13-41
120    </application>
121
122</manifest>